actionid: py27
msg: getenv
cmdargs: [local('/home/pk007server/Downloads/ceph-dash/.tox/py27/bin/pip'), 'install', '-r/home/pk007server/Downloads/ceph-dash/requirements.txt', '-r/home/pk007server/Downloads/ceph-dash/test-requirements.txt']
env: {'USER': 'pk007server', 'LC_NUMERIC': 'en_US.UTF-8', 'QT_QPA_PLATFORMTHEME': 'appmenu-qt5', 'LC_MEASUREMENT': 'en_US.UTF-8', 'XDG_GREETER_DATA_DIR': '/var/lib/lightdm-data/pk007server', 'GOROOT': '/opt/go', 'SPARK_HOME': '/home/pk007server/Documents/spark-1.5.0/dist/', 'LC_IDENTIFICATION': 'en_US.UTF-8', 'GOBIN': '/home/pk007server/bin', 'VIRTUAL_ENV': '/home/pk007server/Downloads/ceph-dash/.tox/py27', 'LESSOPEN': '| /usr/bin/lesspipe %s', 'XDG_VTNR': '7', 'SCALA_HOME': '/home/pk007server/Documents/scala-2.11.7', 'QT_IM_MODULE': 'ibus', 'LOGNAME': 'pk007server', 'XDG_SEAT': 'seat0', 'PATH': '/home/pk007server/Downloads/ceph-dash/.tox/py27/bin:/opt/go/bin:/home/pk007server/bin:/usr/local/sbin:/usr/local/bin:/usr/sbin:/usr/bin:/sbin:/bin:/usr/games:/usr/local/games:/usr/local/cuda-6.5/bin:/home/pk007server/Documents/scala-2.11.7/bin:/home/pk007server/Documents/spark-1.5.0/dist//bin:/bin:/bin', 'LC_PAPER': 'en_US.UTF-8', 'GNOME_KEYRING_CONTROL': '/run/user/1000/keyring-zter0a', 'PS1': '\\[\\e]0;\\u@\\h: \\w\\a\\]${debian_chroot:+($debian_chroot)}\\u@\\h:\\w\\$ ', 'LD_LIBRARY_PATH': '/usr/local/cuda-6.5/lib64:', 'LANG': 'C', 'TERM': 'xterm', 'SHELL': '/bin/bash', 'XDG_SESSION_PATH': '/org/freedesktop/DisplayManager/Session0', 'XAUTHORITY': '/home/pk007server/.Xauthority', 'LANGUAGE': '', 'SESSION_MANAGER': 'local/localhost:@/tmp/.ICE-unix/2973,unix/localhost:/tmp/.ICE-unix/2973', 'LC_MONETARY': 'en_US.UTF-8', 'MANDATORY_PATH': '/usr/share/gconf/ubuntu.mandatory.path', 'CLUTTER_IM_MODULE': 'xim', 'DISPLAY': ':0', 'TEXTDOMAIN': 'im-config', 'JOB': 'dbus', 'WINDOWID': '67108875', 'SESSIONTYPE': 'gnome-session', 'GOPATH': '/home/pk007server', 'PYTHONHASHSEED': '3089582251', 'GPG_AGENT_INFO': '/run/user/1000/keyring-zter0a/gpg:0:1', 'HOME': '/home/pk007server', 'QT4_IM_MODULE': 'xim', 'SELINUX_INIT': 'YES', 'COMP_WORDBREAKS': ' \t\n"\'><;|&(:', 'XDG_RUNTIME_DIR': '/run/user/1000', 'INSTANCE': '', 'ADAM_HOME': '/home/pk007server/Documents/adam', 'COMPIZ_CONFIG_PROFILE': 'ubuntu', 'SSH_AUTH_SOCK': '/run/user/1000/keyring-zter0a/ssh', 'SESSION': 'ubuntu', 'VTE_VERSION': '3409', 'GDMSESSION': 'ubuntu', 'XMODIFIERS': '@im=ibus', 'TEXTDOMAINDIR': '/usr/share/locale/', 'XDG_MENU_PREFIX': 'gnome-', 'XDG_SEAT_PATH': '/org/freedesktop/DisplayManager/Seat0', 'LC_ALL': '', 'XDG_CURRENT_DESKTOP': 'Unity', 'XDG_SESSION_ID': 'c2', 'DBUS_SESSION_BUS_ADDRESS': 'unix:abstract=/tmp/dbus-jhxfFVIUHW', '_': '/home/pk007server/bin/tox', 'DEFAULTS_PATH': '/usr/share/gconf/ubuntu.default.path', 'GTK_IM_MODULE': 'ibus', 'DESKTOP_SESSION': 'ubuntu', 'IM_CONFIG_PHASE': '1', 'LESSCLOSE': '/usr/bin/lesspipe %s %s', 'GNOME_KEYRING_PID': '2834', 'OLDPWD': '/home/pk007server', 'LS_COLORS': 'rs=0:di=01;34:ln=01;36:mh=00:pi=40;33:so=01;35:do=01;35:bd=40;33;01:cd=40;33;01:or=40;31;01:su=37;41:sg=30;43:ca=30;41:tw=30;42:ow=34;42:st=37;44:ex=01;32:*.tar=01;31:*.tgz=01;31:*.arj=01;31:*.taz=01;31:*.lzh=01;31:*.lzma=01;31:*.tlz=01;31:*.txz=01;31:*.zip=01;31:*.z=01;31:*.Z=01;31:*.dz=01;31:*.gz=01;31:*.lz=01;31:*.xz=01;31:*.bz2=01;31:*.bz=01;31:*.tbz=01;31:*.tbz2=01;31:*.tz=01;31:*.deb=01;31:*.rpm=01;31:*.jar=01;31:*.war=01;31:*.ear=01;31:*.sar=01;31:*.rar=01;31:*.ace=01;31:*.zoo=01;31:*.cpio=01;31:*.7z=01;31:*.rz=01;31:*.jpg=01;35:*.jpeg=01;35:*.gif=01;35:*.bmp=01;35:*.pbm=01;35:*.pgm=01;35:*.ppm=01;35:*.tga=01;35:*.xbm=01;35:*.xpm=01;35:*.tif=01;35:*.tiff=01;35:*.png=01;35:*.svg=01;35:*.svgz=01;35:*.mng=01;35:*.pcx=01;35:*.mov=01;35:*.mpg=01;35:*.mpeg=01;35:*.m2v=01;35:*.mkv=01;35:*.webm=01;35:*.ogm=01;35:*.mp4=01;35:*.m4v=01;35:*.mp4v=01;35:*.vob=01;35:*.qt=01;35:*.nuv=01;35:*.wmv=01;35:*.asf=01;35:*.rm=01;35:*.rmvb=01;35:*.flc=01;35:*.avi=01;35:*.fli=01;35:*.flv=01;35:*.gl=01;35:*.dl=01;35:*.xcf=01;35:*.xwd=01;35:*.yuv=01;35:*.cgm=01;35:*.emf=01;35:*.axv=01;35:*.anx=01;35:*.ogv=01;35:*.ogx=01;35:*.aac=00;36:*.au=00;36:*.flac=00;36:*.mid=00;36:*.midi=00;36:*.mka=00;36:*.mp3=00;36:*.mpc=00;36:*.ogg=00;36:*.ra=00;36:*.wav=00;36:*.axa=00;36:*.oga=00;36:*.spx=00;36:*.xspf=00;36:', 'GDM_LANG': 'en', 'LC_ADDRESS': 'en_US.UTF-8', 'GTK_MODULES': 'overlay-scrollbar:unity-gtk-module', 'PAPERSIZE': 'letter', 'SHLVL': '1', 'PWD': '/home/pk007server/Downloads/ceph-dash', 'COLORTERM': 'gnome-terminal', 'LC_NAME': 'en_US.UTF-8', 'LC_TELEPHONE': 'en_US.UTF-8', 'LC_TIME': 'en_US.UTF-8', 'XDG_CONFIG_DIRS': '/etc/xdg/xdg-ubuntu:/usr/share/upstart/xdg:/etc/xdg', 'COMPIZ_BIN_PATH': '/usr/bin/', 'XDG_DATA_DIRS': '/usr/share/ubuntu:/usr/share/gnome:/usr/local/share/:/usr/share/', 'GNOME_DESKTOP_SESSION_ID': 'this-is-deprecated', 'UPSTART_SESSION': 'unix:abstract=/com/ubuntu/upstart-session/1000/2836'}

Collecting flask>=0.10 (from -r /home/pk007server/Downloads/ceph-dash/requirements.txt (line 1))
/home/pk007server/Downloads/ceph-dash/.tox/py27/local/lib/python2.7/site-packages/pip/_vendor/requests/packages/urllib3/util/ssl_.py:318: SNIMissingWarning: An HTTPS request has been made, but the SNI (Subject Name Indication) extension to TLS is not available on this platform. This may cause the server to present an incorrect TLS certificate, which can cause validation failures. You can upgrade to a newer version of Python to solve this. For more information, see https://urllib3.readthedocs.org/en/latest/security.html#snimissingwarning.
  SNIMissingWarning
/home/pk007server/Downloads/ceph-dash/.tox/py27/local/lib/python2.7/site-packages/pip/_vendor/requests/packages/urllib3/util/ssl_.py:122: InsecurePlatformWarning: A true SSLContext object is not available. This prevents urllib3 from configuring SSL appropriately and may cause certain SSL connections to fail. You can upgrade to a newer version of Python to solve this. For more information, see https://urllib3.readthedocs.org/en/latest/security.html#insecureplatformwarning.
  InsecurePlatformWarning
  Downloading Flask-0.11.1-py2.py3-none-any.whl (80kB)
Collecting python-cephlibs (from -r /home/pk007server/Downloads/ceph-dash/requirements.txt (line 2))
  Downloading python-cephlibs-0.94.5.post1.tar.gz
Collecting influxdb>=2.9.0 (from -r /home/pk007server/Downloads/ceph-dash/test-requirements.txt (line 1))
  Downloading influxdb-3.0.0-py2.py3-none-any.whl (63kB)
Collecting nose (from -r /home/pk007server/Downloads/ceph-dash/test-requirements.txt (line 2))
  Downloading nose-1.3.7-py2-none-any.whl (154kB)
Collecting Werkzeug>=0.7 (from flask>=0.10->-r /home/pk007server/Downloads/ceph-dash/requirements.txt (line 1))
  Downloading Werkzeug-0.11.10-py2.py3-none-any.whl (306kB)
Collecting Jinja2>=2.4 (from flask>=0.10->-r /home/pk007server/Downloads/ceph-dash/requirements.txt (line 1))
  Downloading Jinja2-2.8-py2.py3-none-any.whl (263kB)
Collecting click>=2.0 (from flask>=0.10->-r /home/pk007server/Downloads/ceph-dash/requirements.txt (line 1))
  Downloading click-6.6.tar.gz (283kB)
Collecting itsdangerous>=0.21 (from flask>=0.10->-r /home/pk007server/Downloads/ceph-dash/requirements.txt (line 1))
  Downloading itsdangerous-0.24.tar.gz (46kB)
Collecting pytz (from influxdb>=2.9.0->-r /home/pk007server/Downloads/ceph-dash/test-requirements.txt (line 1))
  Downloading pytz-2016.6.1-py2.py3-none-any.whl (481kB)
Collecting six>=1.9.0 (from influxdb>=2.9.0->-r /home/pk007server/Downloads/ceph-dash/test-requirements.txt (line 1))
  Downloading six-1.10.0-py2.py3-none-any.whl
Collecting python-dateutil>=2.0.0 (from influxdb>=2.9.0->-r /home/pk007server/Downloads/ceph-dash/test-requirements.txt (line 1))
  Downloading python_dateutil-2.5.3-py2.py3-none-any.whl (201kB)
Collecting requests>=1.0.3 (from influxdb>=2.9.0->-r /home/pk007server/Downloads/ceph-dash/test-requirements.txt (line 1))
  Downloading requests-2.11.1-py2.py3-none-any.whl (514kB)
Collecting MarkupSafe (from Jinja2>=2.4->flask>=0.10->-r /home/pk007server/Downloads/ceph-dash/requirements.txt (line 1))
  Downloading MarkupSafe-0.23.tar.gz
Building wheels for collected packages: python-cephlibs, click, itsdangerous, MarkupSafe
  Running setup.py bdist_wheel for python-cephlibs: started
  Running setup.py bdist_wheel for python-cephlibs: finished with status 'done'
  Stored in directory: /home/pk007server/.cache/pip/wheels/e4/5a/6a/4bf4fcf3ae55e9e2cfeed48af4dc083c3e62632fbee1376540
  Running setup.py bdist_wheel for click: started
  Running setup.py bdist_wheel for click: finished with status 'done'
  Stored in directory: /home/pk007server/.cache/pip/wheels/b0/6d/8c/cf5ca1146e48bc7914748bfb1dbf3a40a440b8b4f4f0d952dd
  Running setup.py bdist_wheel for itsdangerous: started
  Running setup.py bdist_wheel for itsdangerous: finished with status 'done'
  Stored in directory: /home/pk007server/.cache/pip/wheels/fc/a8/66/24d655233c757e178d45dea2de22a04c6d92766abfb741129a
  Running setup.py bdist_wheel for MarkupSafe: started
  Running setup.py bdist_wheel for MarkupSafe: finished with status 'done'
  Stored in directory: /home/pk007server/.cache/pip/wheels/a3/fa/dc/0198eed9ad95489b8a4f45d14dd5d2aee3f8984e46862c5748
Successfully built python-cephlibs click itsdangerous MarkupSafe
Installing collected packages: Werkzeug, MarkupSafe, Jinja2, click, itsdangerous, flask, python-cephlibs, pytz, six, python-dateutil, requests, influxdb, nose
Successfully installed Jinja2-2.8 MarkupSafe-0.23 Werkzeug-0.11.10 click-6.6 flask-0.11.1 influxdb-3.0.0 itsdangerous-0.24 nose-1.3.7 python-cephlibs-0.94.5.post1 python-dateutil-2.5.3 pytz-2016.6.1 requests-2.11.1 six-1.10.0
